<?xml version="1.0" encoding="UTF-8"?>
<!-- Generated by org.testng.reporters.JUnitReportReporter -->
<testsuite hostname="DESKTOP-CK3EC17" failures="0" tests="2" name="automation.selenium.TestNGDemo" time="0.008" errors="0" timestamp="2023-07-28T01:34:52 IST" skipped="0">
  <testcase classname="automation.selenium.TestNGDemo" name="class2" time="0.001"/>
  <testcase classname="automation.selenium.TestNGDemo" name="class1" time="0.007"/>
</testsuite> <!-- automation.selenium.TestNGDemo -->
