<?xml version="1.0" encoding="UTF-8"?>
<!-- Generated by org.testng.reporters.JUnitReportReporter -->
<testsuite hostname="DESKTOP-CK3EC17" failures="0" tests="2" name="automation.selenium.TestNGDemo2" time="0.003" errors="0" timestamp="2023-07-28T01:48:17 IST" skipped="0">
  <testcase classname="automation.selenium.TestNGDemo2" name="class1" time="0.001"/>
  <testcase classname="automation.selenium.TestNGDemo2" name="class2" time="0.002"/>
</testsuite> <!-- automation.selenium.TestNGDemo2 -->
